/*
 답안
    주문지역코드 컬럼의 BETWEEN 조건을 IN 조건으로 변경하여 명시적으로 선택하는 수평적 스캔으로 튜닝
 */

SELECT  고객번호, 주문금액, 주문지역코드, 주문일자, C1, C2, C3
    FROM    T_주문14  A
    WHERE   주문금액    BETWEEN 80000 AND 81000
        AND    주문지역코드     IN ('01', '02', '03')
        AND    주문일자          = '20190710';

Plan hash value: 1899663788
 
-----------------------------------------------------------------------------------------------------
| Id  | Operation                            | Name         | Rows  | Bytes | Cost (%CPU)| Time     |
-----------------------------------------------------------------------------------------------------
|   0 | SELECT STATEMENT                     |              |     2 |   322 |     6   (0)| 00:00:01 |
|   1 |  INLIST ITERATOR                     |              |       |       |            |          |
|   2 |   TABLE ACCESS BY INDEX ROWID BATCHED| T_주문14     |     2 |   322 |     6   (0)| 00:00:01 |
|*  3 |    INDEX RANGE SCAN                  | IX_T_주문14_0|     1 |       |     5   (0)| 00:00:01 |
-----------------------------------------------------------------------------------------------------
 
Predicate Information (identified by operation id):
---------------------------------------------------
 
"   3 - access((""주문지역코드""='01' OR ""주문지역코드""='02' OR ""주문지역코드""='03') AND ""주문일자""='20190710' AND "
"              ""주문금액"">=80000 AND ""주문금액""<=81000)"
 
Note
-----
   - dynamic statistics used: dynamic sampling (level=2)
