/*
    답안 :
*/
CREATE INDEX SYSTEM.IX_T_고객23 ON SYSTEM.T_고객23(고객성향코드);
CREATE INDEX SYSTEM.IX_T_주문23 ON SYSTEM.T_주문23(고객번호, 상품코드, 주문일자);

SELECT /*+ ORDERED USE_NL(O) INDEX(C SYSTEM.IX_T_고객23) INDEX(D SYSTEM.IX_T_주문23) */
        C.고객번호, C.고객명, C.C1,
        O.주문번호, O.상품코드, O.주문일자, O.주문수량
FROM SYSTEM.T_고객23 C, SYSTEM.T_주문23 O
WHERE C.고객성향코드 = '920'
 AND  O.고객번호     = C.고객번호
 AND  O.주문일자     LIKE '201701%'
 AND  O.상품코드     = 'P103';

Plan hash value: 4275876959
 
---------------------------------------------------------------------------------------------------
| Id  | Operation                             | Name      | Rows  | Bytes | Cost (%CPU)| Time     |
---------------------------------------------------------------------------------------------------
|   0 | SELECT STATEMENT                      |           |   121 | 12100 |   452   (0)| 00:00:01 |
|   1 |  NESTED LOOPS                         |           |   121 | 12100 |   452   (0)| 00:00:01 |
|   2 |   NESTED LOOPS                        |           |   121 | 12100 |   452   (0)| 00:00:01 |
|   3 |    TABLE ACCESS BY INDEX ROWID BATCHED| T_고객23  |   114 |  5928 |   110   (0)| 00:00:01 |
|*  4 |     INDEX RANGE SCAN                  | IX_T_고객2|   114 |       |     1   (0)| 00:00:01 |
|*  5 |    INDEX RANGE SCAN                   | IX_T_주문2|     1 |       |     2   (0)| 00:00:01 |
|   6 |   TABLE ACCESS BY INDEX ROWID         | T_주문23  |     1 |    48 |     3   (0)| 00:00:01 |
---------------------------------------------------------------------------------------------------
 
Predicate Information (identified by operation id):
---------------------------------------------------
 
"   4 - access(""C"".""고객성향코드""='920')"
"   5 - access(""O"".""고객번호""=""C"".""고객번호"" AND ""O"".""상품코드""='P103' AND ""O"".""주문일자"" LIKE '201701%')"
"       filter(""O"".""주문일자"" LIKE '201701%')"
 
Hint Report (identified by operation id / Query Block Name / Object Alias):
Total hints for statement: 1 (E - Syntax error (1))
---------------------------------------------------------------------------
 
   1 -  SEL$1
         E -  INDEX(C 
 
Note
-----
   - dynamic statistics used: dynamic sampling (level=2)
