Plan hash value: 3016059125
 
----------------------------------------------------------------------------------------------
| Id  | Operation                | Name      | Rows  | Bytes |TempSpc| Cost (%CPU)| Time     |
----------------------------------------------------------------------------------------------
|   0 | SELECT STATEMENT         |           |  9380 |   375K|       |   902   (1)| 00:00:01 |
|*  1 |  VIEW                    |           |  9380 |   375K|       |   902   (1)| 00:00:01 |
|*  2 |   WINDOW SORT PUSHED RANK|           |   100K|  2343K|  3552K|   902   (1)| 00:00:01 |
|   3 |    TABLE ACCESS FULL     | T_ORDER42 |   100K|  2343K|       |   200   (1)| 00:00:01 |
----------------------------------------------------------------------------------------------
 
Predicate Information (identified by operation id):
---------------------------------------------------
 
"   1 - filter(""ORDER_ROW_NO""=1)"
"   2 - filter(ROW_NUMBER() OVER ( PARTITION BY ""ORDER_CD"" ORDER BY "
"              INTERNAL_FUNCTION(""ORDER_NO"") DESC )<=1)"
